Flow report for CYCLONE_IV-Template
Thu Mar 21 16:29:32 2019
Quartus II 64-Bit Version 13.0.0 Build 156 04/24/2013 SJ Full Version


---------------------
; Table of Contents ;
---------------------
  1. Legal Notice
  2. Flow Summary
  3. Flow Settings
  4. Flow Non-Default Global Settings
  5. Flow Elapsed Time
  6. Flow OS Summary
  7. Flow Log
  8. Flow Messages
  9. Flow Suppressed Messages



----------------
; Legal Notice ;
----------------
Copyright (C) 1991-2013 Altera Corporation
Your use of Altera Corporation's design tools, logic functions 
and other software and tools, and its AMPP partner logic 
functions, and any output files from any of the foregoing 
(including device programming or simulation files), and any 
associated documentation or information are expressly subject 
to the terms and conditions of the Altera Program License 
Subscription Agreement, Altera MegaCore Function License 
Agreement, or other applicable license agreement, including, 
without limitation, that your use is for the sole purpose of 
programming logic devices manufactured by Altera and sold by 
Altera or its authorized distributors.  Please refer to the 
applicable agreement for further details.



+----------------------------------------------------------------------------------+
; Flow Summary                                                                     ;
+------------------------------------+---------------------------------------------+
; Flow Status                        ; Successful - Thu Mar 21 16:29:32 2019       ;
; Quartus II 64-Bit Version          ; 13.0.0 Build 156 04/24/2013 SJ Full Version ;
; Revision Name                      ; CYCLONE_IV-Template                         ;
; Top-level Entity Name              ; TOP                                         ;
; Family                             ; Cyclone IV E                                ;
; Device                             ; EP4CE15F17I7                                ;
; Timing Models                      ; Final                                       ;
; Total logic elements               ; 1 / 15,408 ( < 1 % )                        ;
;     Total combinational functions  ; 1 / 15,408 ( < 1 % )                        ;
;     Dedicated logic registers      ; 0 / 15,408 ( 0 % )                          ;
; Total registers                    ; 0                                           ;
; Total pins                         ; 45 / 166 ( 27 % )                           ;
; Total virtual pins                 ; 0                                           ;
; Total memory bits                  ; 8 / 516,096 ( < 1 % )                       ;
; Embedded Multiplier 9-bit elements ; 0 / 112 ( 0 % )                             ;
; Total PLLs                         ; 0 / 4 ( 0 % )                               ;
+------------------------------------+---------------------------------------------+


+-----------------------------------------+
; Flow Settings                           ;
+-------------------+---------------------+
; Option            ; Setting             ;
+-------------------+---------------------+
; Start date & time ; 03/21/2019 16:29:06 ;
; Main task         ; Compilation         ;
; Revision Name     ; CYCLONE_IV-Template ;
+-------------------+---------------------+


+-------------------------------------------------------------------------------------------------------------------------------+
; Flow Non-Default Global Settings                                                                                              ;
+-------------------------------------+------------------------------------+---------------------+-------------+----------------+
; Assignment Name                     ; Value                              ; Default Value       ; Entity Name ; Section Id     ;
+-------------------------------------+------------------------------------+---------------------+-------------+----------------+
; COMPILER_SIGNATURE_ID               ; 345052807169.155315694519784       ; --                  ; --          ; --             ;
; EDA_OUTPUT_DATA_FORMAT              ; Verilog Hdl                        ; --                  ; --          ; eda_simulation ;
; EDA_SIMULATION_TOOL                 ; ModelSim-Altera (Verilog)          ; <None>              ; --          ; --             ;
; IP_TOOL_NAME                        ; ROM: 1-PORT                        ; --                  ; --          ; --             ;
; IP_TOOL_NAME                        ; ROM: 1-PORT                        ; --                  ; --          ; --             ;
; IP_TOOL_NAME                        ; RAM: 2-PORT                        ; --                  ; --          ; --             ;
; IP_TOOL_NAME                        ; RAM: 2-PORT                        ; --                  ; --          ; --             ;
; IP_TOOL_NAME                        ; RAM: 2-PORT                        ; --                  ; --          ; --             ;
; IP_TOOL_NAME                        ; RAM: 2-PORT                        ; --                  ; --          ; --             ;
; IP_TOOL_NAME                        ; RAM: 2-PORT                        ; --                  ; --          ; --             ;
; IP_TOOL_VERSION                     ; 13.0                               ; --                  ; --          ; --             ;
; IP_TOOL_VERSION                     ; 13.0                               ; --                  ; --          ; --             ;
; IP_TOOL_VERSION                     ; 13.0                               ; --                  ; --          ; --             ;
; IP_TOOL_VERSION                     ; 13.0                               ; --                  ; --          ; --             ;
; IP_TOOL_VERSION                     ; 13.0                               ; --                  ; --          ; --             ;
; IP_TOOL_VERSION                     ; 13.0                               ; --                  ; --          ; --             ;
; IP_TOOL_VERSION                     ; 13.0                               ; --                  ; --          ; --             ;
; MAX_CORE_JUNCTION_TEMP              ; 100                                ; --                  ; --          ; --             ;
; MIN_CORE_JUNCTION_TEMP              ; -40                                ; --                  ; --          ; --             ;
; MISC_FILE                           ; Source/Encoder/ROM_Encoder_bb.v    ; --                  ; --          ; --             ;
; MISC_FILE                           ; Source/Analog/ROM_Analog_bb.v      ; --                  ; --          ; --             ;
; MISC_FILE                           ; Source/Digtal/Buffer_256Byte_bb.v  ; --                  ; --          ; --             ;
; MISC_FILE                           ; Source/Digtal/Buffer_512Byte_bb.v  ; --                  ; --          ; --             ;
; MISC_FILE                           ; Source/Digtal/Buffer_1024Byte_bb.v ; --                  ; --          ; --             ;
; MISC_FILE                           ; Source/Digtal/Buffer_2048Byte_bb.v ; --                  ; --          ; --             ;
; MISC_FILE                           ; Source/Digtal/Buffer_4096Byte_bb.v ; --                  ; --          ; --             ;
; NOMINAL_CORE_SUPPLY_VOLTAGE         ; 1.2V                               ; --                  ; --          ; --             ;
; PARTITION_COLOR                     ; 16764057                           ; --                  ; TOP         ; Top            ;
; PARTITION_FITTER_PRESERVATION_LEVEL ; PLACEMENT_AND_ROUTING              ; --                  ; TOP         ; Top            ;
; PARTITION_NETLIST_TYPE              ; SOURCE                             ; --                  ; TOP         ; Top            ;
; PROJECT_OUTPUT_DIRECTORY            ; output_files                       ; --                  ; --          ; --             ;
; TOP_LEVEL_ENTITY                    ; TOP                                ; CYCLONE_IV-Template ; --          ; --             ;
+-------------------------------------+------------------------------------+---------------------+-------------+----------------+


+-------------------------------------------------------------------------------------------------------------------------------+
; Flow Elapsed Time                                                                                                             ;
+---------------------------+--------------+-------------------------+---------------------+------------------------------------+
; Module Name               ; Elapsed Time ; Average Processors Used ; Peak Virtual Memory ; Total CPU Time (on all processors) ;
+---------------------------+--------------+-------------------------+---------------------+------------------------------------+
; Analysis & Synthesis      ; 00:00:03     ; 1.0                     ; 4625 MB             ; 00:00:03                           ;
; Fitter                    ; 00:00:08     ; 1.9                     ; 5360 MB             ; 00:00:10                           ;
; Assembler                 ; 00:00:02     ; 1.0                     ; 4579 MB             ; 00:00:02                           ;
; TimeQuest Timing Analyzer ; 00:00:04     ; 1.0                     ; 4651 MB             ; 00:00:04                           ;
; EDA Netlist Writer        ; 00:00:01     ; 1.0                     ; 4541 MB             ; 00:00:01                           ;
; Total                     ; 00:00:18     ; --                      ; --                  ; 00:00:20                           ;
+---------------------------+--------------+-------------------------+---------------------+------------------------------------+


+----------------------------------------------------------------------------------------+
; Flow OS Summary                                                                        ;
+---------------------------+------------------+-----------+------------+----------------+
; Module Name               ; Machine Hostname ; OS Name   ; OS Version ; Processor type ;
+---------------------------+------------------+-----------+------------+----------------+
; Analysis & Synthesis      ; DESKTOP-Vampirei ; Windows 7 ; 6.2        ; x86_64         ;
; Fitter                    ; DESKTOP-Vampirei ; Windows 7 ; 6.2        ; x86_64         ;
; Assembler                 ; DESKTOP-Vampirei ; Windows 7 ; 6.2        ; x86_64         ;
; TimeQuest Timing Analyzer ; DESKTOP-Vampirei ; Windows 7 ; 6.2        ; x86_64         ;
; EDA Netlist Writer        ; DESKTOP-Vampirei ; Windows 7 ; 6.2        ; x86_64         ;
+---------------------------+------------------+-----------+------------+----------------+


------------
; Flow Log ;
------------
quartus_map --read_settings_files=on --write_settings_files=off CYCLONE_IV-Template -c CYCLONE_IV-Template
quartus_fit --read_settings_files=off --write_settings_files=off CYCLONE_IV-Template -c CYCLONE_IV-Template
quartus_asm --read_settings_files=off --write_settings_files=off CYCLONE_IV-Template -c CYCLONE_IV-Template
quartus_sta CYCLONE_IV-Template -c CYCLONE_IV-Template
quartus_eda --read_settings_files=off --write_settings_files=off CYCLONE_IV-Template -c CYCLONE_IV-Template



